<?xml version="1.0" encoding="UTF-8"?>
<!-- Generated by org.testng.reporters.JUnitReportReporter -->
<testsuite hostname="Dell-pc" failures="0" tests="2" name="TestNgAnnotation.HardandSoftTestNg" time="0.021" errors="0" timestamp="2022-07-24T12:22:02 IST" skipped="0">
  <testcase classname="TestNgAnnotation.HardandSoftTestNg" name="test2" time="0.006"/>
  <system-out/>
  <testcase classname="TestNgAnnotation.HardandSoftTestNg" name="Test1" time="0.015"/>
  <system-out/>
</testsuite> <!-- TestNgAnnotation.HardandSoftTestNg -->
