<?xml version="1.0" encoding="UTF-8"?>
<!-- Generated by org.testng.reporters.JUnitReportReporter -->
<testsuite hostname="Dell-pc" failures="0" tests="1" name="Application.GmailLogin" time="2.210" errors="0" timestamp="2022-07-26T23:41:42 IST" skipped="0">
  <testcase classname="Application.GmailLogin" name="gmail" time="2.210"/>
  <system-out/>
</testsuite> <!-- Application.GmailLogin -->
