<?xml version="1.0" encoding="UTF-8"?>
<!-- Generated by org.testng.reporters.JUnitReportReporter -->
<testsuite hostname="Dell-pc" failures="0" tests="2" name="TestNgAnnotation.TestNgAnnotation" time="0.052" errors="0" timestamp="2022-08-02T11:36:06 IST" skipped="0">
  <testcase classname="TestNgAnnotation.TestNgAnnotation" name="test2" time="0.008"/>
  <system-out/>
  <testcase classname="TestNgAnnotation.TestNgAnnotation" name="test1" time="0.044"/>
  <system-out/>
</testsuite> <!-- TestNgAnnotation.TestNgAnnotation -->
