<?xml version="1.0" encoding="UTF-8"?>
<!-- Generated by org.testng.reporters.JUnitReportReporter -->
<testsuite hostname="Dell-pc" failures="0" tests="3" name="TestNgAnnotation.DisableTestNg" time="0.009" errors="0" timestamp="2022-07-30T10:26:27 IST" skipped="1">
  <testcase classname="TestNgAnnotation.DisableTestNg" name="Test1" time="0.003"/>
  <system-out/>
  <testcase classname="TestNgAnnotation.DisableTestNg" name="Test3" time="0.006"/>
  <system-out/>
  <testcase classname="TestNgAnnotation.DisableTestNg" name="Test2">
    <skipped/>
  </testcase> <!-- Test2 -->
  <system-out/>
</testsuite> <!-- TestNgAnnotation.DisableTestNg -->
