<?xml version="1.0" encoding="UTF-8"?>
<!-- Generated by org.testng.reporters.JUnitReportReporter -->
<testsuite hostname="Dell-pc" failures="0" tests="1" name="TestNgAnnotation.ParemeterTestNg" time="0.020" errors="0" timestamp="2022-07-30T13:18:04 IST" skipped="0">
  <testcase classname="TestNgAnnotation.ParemeterTestNg" name="loginTest" time="0.020"/>
  <system-out/>
</testsuite> <!-- TestNgAnnotation.ParemeterTestNg -->
