<?xml version="1.0" encoding="UTF-8"?>
<!-- Generated by org.testng.reporters.JUnitReportReporter -->
<testsuite hostname="Dell-pc" failures="0" tests="1" name="Application.Facebook" time="0.502" errors="0" timestamp="2022-07-26T22:57:59 IST" skipped="0">
  <testcase classname="Application.Facebook" name="Loginfb" time="0.502"/>
  <system-out/>
</testsuite> <!-- Application.Facebook -->
