<?xml version="1.0" encoding="UTF-8"?>
<!-- Generated by org.testng.reporters.JUnitReportReporter -->
<testsuite hostname="Dell-pc" failures="0" tests="1" name="TestNgAnnotation.pariotiesTestNg" time="0.013" errors="0" timestamp="2022-07-24T16:47:16 IST" skipped="0">
  <testcase classname="TestNgAnnotation.pariotiesTestNg" name="test1" time="0.013"/>
  <system-out/>
</testsuite> <!-- TestNgAnnotation.pariotiesTestNg -->
