<?xml version="1.0" encoding="UTF-8"?>
<!-- Generated by org.testng.reporters.JUnitReportReporter -->
<testsuite hostname="Dell-pc" failures="0" tests="1" name="Application.GoogleApp" time="10.351" errors="0" timestamp="2022-07-27T14:06:14 IST" skipped="0">
  <testcase classname="Application.GoogleApp" name="f" time="10.351"/>
  <system-out/>
</testsuite> <!-- Application.GoogleApp -->
