<?xml version="1.0" encoding="UTF-8"?>
<!-- Generated by org.testng.reporters.JUnitReportReporter -->
<testsuite hostname="Dell-pc" failures="0" tests="4" name="TestNgAnnotation.DDTestNg" time="0.026" errors="0" timestamp="2022-07-23T17:05:30 IST" skipped="0">
  <testcase classname="TestNgAnnotation.DDTestNg" name="getData" time="0.004"/>
  <system-out/>
  <testcase classname="TestNgAnnotation.DDTestNg" name="getData" time="0.002"/>
  <system-out/>
  <testcase classname="TestNgAnnotation.DDTestNg" name="createTest" time="0.017"/>
  <system-out/>
  <testcase classname="TestNgAnnotation.DDTestNg" name="createTest" time="0.003"/>
  <system-out/>
</testsuite> <!-- TestNgAnnotation.DDTestNg -->
