<?xml version="1.0" encoding="UTF-8"?>
<!-- Generated by org.testng.reporters.JUnitReportReporter -->
<testsuite hostname="Dell-pc" failures="0" tests="1" name="TestNgAnnotation.DemoTest" time="0.002" errors="0" timestamp="2022-07-24T13:22:04 IST" skipped="0">
  <testcase classname="TestNgAnnotation.DemoTest" name="test" time="0.002"/>
  <system-out/>
</testsuite> <!-- TestNgAnnotation.DemoTest -->
